"2018-05-24 05:28:04",INFO,--,"Search Query:::",165,/home/dkkkpmba/public_html/vivahyog.in/searchdata.php
"2018-05-24 05:28:04",INFO,--,"select photo.imagename,basicprofile.profile_id,basicprofile.last_name,basicprofile.caste,basicprofile.age,phyattr.heightFt,phyattr.heightInch, contactinfo.district,contactinfo.city from tbl_basic_profile basicprofile,tbl_profile_photo photo,tbl_physical_attr phyattr,tbl_contact_info contactinfo,tbl_profile profile where basicprofile.profile_id=photo.profile_id and basicprofile.profile_id=phyattr.profile_id and basicprofile.profile_id=contactinfo.profile_id and basicprofile.profile_id=profile.profile_id and contactinfo.district='Ahmednagar' and basicprofile.gender='Female' and profile.education='M.C.A' and basicprofile.status='Y'",166,/home/dkkkpmba/public_html/vivahyog.in/searchdata.php
"2018-05-28 15:16:31",INFO,--,"Partner Num Rows:1",302,/home/dkkkpmba/public_html/vivahyog.in/demo1/myhome.php
"2018-05-28 15:16:31",INFO,--,"Inside logic",315,/home/dkkkpmba/public_html/vivahyog.in/demo1/myhome.php
"2018-05-28 15:16:31",INFO,--,"Profile Matching Query:::",362,/home/dkkkpmba/public_html/vivahyog.in/demo1/myhome.php
"2018-05-28 15:16:31",INFO,--,"SELECT distinct photo.imagename, basicprofile.profile_id, basicprofile.last_name, basicprofile.age, phyattr.heightFt, phyattr.heightInch, contactinfo.district, contactinfo.city FROM tbl_basic_profile basicprofile, tbl_profile_photo photo, tbl_physical_attr phyattr, tbl_contact_info contactinfo,tbl_partner_preference pref WHERE basicprofile.profile_id = photo.profile_id AND basicprofile.profile_id = phyattr.profile_id AND basicprofile.profile_id = contactinfo.profile_id AND basicprofile.gender ='Male' and basicprofile.status='Y' AND basicprofile.marital_status='' AND basicprofile.caste='' AND( basicprofile.age BETWEEN 29-2 AND 29 OR basicprofile.age BETWEEN 29-1 AND 29 OR basicprofile.age BETWEEN 29 AND 25 OR basicprofile.age BETWEEN 29 AND 25+1 OR basicprofile.age BETWEEN 25 AND 25+2)",363,/home/dkkkpmba/public_html/vivahyog.in/demo1/myhome.php
"2018-05-28 15:16:52",INFO,--,"Partner Num Rows:1",302,/home/dkkkpmba/public_html/vivahyog.in/demo1/myhome.php
"2018-05-28 15:16:52",INFO,--,"Inside logic",315,/home/dkkkpmba/public_html/vivahyog.in/demo1/myhome.php
"2018-05-28 15:16:52",INFO,--,"Profile Matching Query:::",362,/home/dkkkpmba/public_html/vivahyog.in/demo1/myhome.php
"2018-05-28 15:16:52",INFO,--,"SELECT distinct photo.imagename, basicprofile.profile_id, basicprofile.last_name, basicprofile.age, phyattr.heightFt, phyattr.heightInch, contactinfo.district, contactinfo.city FROM tbl_basic_profile basicprofile, tbl_profile_photo photo, tbl_physical_attr phyattr, tbl_contact_info contactinfo,tbl_partner_preference pref WHERE basicprofile.profile_id = photo.profile_id AND basicprofile.profile_id = phyattr.profile_id AND basicprofile.profile_id = contactinfo.profile_id AND basicprofile.gender ='Male' and basicprofile.status='Y' AND basicprofile.marital_status='Unmarried' AND basicprofile.caste='Brahmin- Rugvedi' AND( basicprofile.age BETWEEN 29-2 AND 29 OR basicprofile.age BETWEEN 29-1 AND 29 OR basicprofile.age BETWEEN 29 AND 25 OR basicprofile.age BETWEEN 29 AND 25+1 OR basicprofile.age BETWEEN 25 AND 25+2)",363,/home/dkkkpmba/public_html/vivahyog.in/demo1/myhome.php
"2018-05-28 13:54:27",INFO,--,"Photo Fetching Query::",62,/home/dkkkpmba/public_html/vivahyog.in/demo1/chgpic.php
"2018-05-28 13:54:27",INFO,--,"SELECT imagename FROM tbl_profile_photo where profile_id='1019'",63,/home/dkkkpmba/public_html/vivahyog.in/demo1/chgpic.php
"2018-05-28 13:54:27",INFO,--,"album status::Private",2564,/home/dkkkpmba/public_html/vivahyog.in/demo1/myprofile.php
"2018-05-28 13:55:53",INFO,--,"Photo Fetching Query::",62,/home/dkkkpmba/public_html/vivahyog.in/demo1/chgpic.php
"2018-05-28 13:55:53",INFO,--,"SELECT imagename FROM tbl_profile_photo where profile_id='1019'",63,/home/dkkkpmba/public_html/vivahyog.in/demo1/chgpic.php
"2018-05-28 13:55:53",INFO,--,"album status::Private",2564,/home/dkkkpmba/public_html/vivahyog.in/demo1/myprofile.php
"2018-05-28 13:57:07",INFO,--,"Updating Basic Profile :::",885,/home/dkkkpmba/public_html/vivahyog.in/demo1/myprofile.php
"2018-05-28 13:57:07",INFO,--,"UPDATE tbl_basic_profile SET first_name = 'Priyanka', last_name = 'Bhalerao', gender = 'Female', birth_date = '1992-08-22', marital_status = 'Unmarried', religion = 'Hindu', caste = 'Brahmin Yajurvedi', sub_caste = 'Unspecified', password = '123456', lastUpdated_datetime = '2018-05-28 01:57:07', ip_address = '210.5.88.66' WHERE profile_id = '1019'",886,/home/dkkkpmba/public_html/vivahyog.in/demo1/myprofile.php
"2018-05-28 13:57:07",INFO,--,"Create Date is :2018-01-21 14:01:03",1304,/home/dkkkpmba/public_html/vivahyog.in/demo1/myprofile.php
"2018-05-28 13:57:07",INFO,--,"Create Date Update Query :UPDATE tbl_basic_profile SET create_datetime='2018-01-21 14:01:03' where profile_id='1019'",1286,/home/dkkkpmba/public_html/vivahyog.in/demo1/myprofile.php
"2018-05-28 13:57:07",INFO,--,"Photo Fetching Query::",62,/home/dkkkpmba/public_html/vivahyog.in/demo1/chgpic.php
"2018-05-28 13:57:07",INFO,--,"SELECT imagename FROM tbl_profile_photo where profile_id='1019'",63,/home/dkkkpmba/public_html/vivahyog.in/demo1/chgpic.php
"2018-05-28 13:57:07",INFO,--,"album status::Private",2564,/home/dkkkpmba/public_html/vivahyog.in/demo1/myprofile.php
"2018-05-28 15:27:08",INFO,--,"Partner Num Rows:1",302,/home/dkkkpmba/public_html/vivahyog.in/demo1/myhome.php
"2018-05-28 15:27:08",INFO,--,"Inside logic",315,/home/dkkkpmba/public_html/vivahyog.in/demo1/myhome.php
"2018-05-28 15:27:08",INFO,--,"Profile Matching Query:::",362,/home/dkkkpmba/public_html/vivahyog.in/demo1/myhome.php
"2018-05-28 15:27:08",INFO,--,"SELECT distinct photo.imagename, basicprofile.profile_id, basicprofile.last_name, basicprofile.age, phyattr.heightFt, phyattr.heightInch, contactinfo.district, contactinfo.city FROM tbl_basic_profile basicprofile, tbl_profile_photo photo, tbl_physical_attr phyattr, tbl_contact_info contactinfo,tbl_partner_preference pref WHERE basicprofile.profile_id = photo.profile_id AND basicprofile.profile_id = phyattr.profile_id AND basicprofile.profile_id = contactinfo.profile_id AND basicprofile.gender ='Male' and basicprofile.status='Y' AND basicprofile.marital_status='Unmarried' AND basicprofile.caste='Brahmin- Rugvedi' AND( basicprofile.age BETWEEN 29-2 AND 29 OR basicprofile.age BETWEEN 29-1 AND 29 OR basicprofile.age BETWEEN 29 AND 25 OR basicprofile.age BETWEEN 29 AND 25+1 OR basicprofile.age BETWEEN 25 AND 25+2)",363,/home/dkkkpmba/public_html/vivahyog.in/demo1/myhome.php
"2018-05-28 13:57:10",INFO,--,"Photo Fetching Query::",62,/home/dkkkpmba/public_html/vivahyog.in/demo1/chgpic.php
"2018-05-28 13:57:10",INFO,--,"SELECT imagename FROM tbl_profile_photo where profile_id='1019'",63,/home/dkkkpmba/public_html/vivahyog.in/demo1/chgpic.php
"2018-05-28 13:57:10",INFO,--,"album status::Private",2564,/home/dkkkpmba/public_html/vivahyog.in/demo1/myprofile.php
"2018-05-28 13:58:23",INFO,--,"Updating Contact Info :::",928,/home/dkkkpmba/public_html/vivahyog.in/demo1/myprofile.php
"2018-05-28 13:58:23",INFO,--,"UPDATE tbl_contact_info SET mobile_no = '9028248930', alternate_mobile_no = '8796154725', email_id = 'priyanka.bhalerao22@gmail.com', address = 'Smruti Nivas,Morgaon Road,Baramati', country = 'India',state='Maharashtra',district='Pune',city='Baramati' WHERE profile_id = '1019'",929,/home/dkkkpmba/public_html/vivahyog.in/demo1/myprofile.php
"2018-05-28 13:58:23",INFO,--,"Create Date is :2018-01-21 14:01:03",1304,/home/dkkkpmba/public_html/vivahyog.in/demo1/myprofile.php
"2018-05-28 13:58:24",INFO,--,"Create Date Update Query :UPDATE tbl_basic_profile SET create_datetime='2018-01-21 14:01:03' where profile_id='1019'",1286,/home/dkkkpmba/public_html/vivahyog.in/demo1/myprofile.php
"2018-05-28 13:58:24",INFO,--,"Photo Fetching Query::",62,/home/dkkkpmba/public_html/vivahyog.in/demo1/chgpic.php
"2018-05-28 13:58:24",INFO,--,"SELECT imagename FROM tbl_profile_photo where profile_id='1019'",63,/home/dkkkpmba/public_html/vivahyog.in/demo1/chgpic.php
"2018-05-28 13:58:24",INFO,--,"album status::Private",2564,/home/dkkkpmba/public_html/vivahyog.in/demo1/myprofile.php
"2018-05-28 15:28:24",INFO,--,"Partner Num Rows:1",302,/home/dkkkpmba/public_html/vivahyog.in/demo1/myhome.php
"2018-05-28 15:28:24",INFO,--,"Inside logic",315,/home/dkkkpmba/public_html/vivahyog.in/demo1/myhome.php
"2018-05-28 15:28:24",INFO,--,"Profile Matching Query:::",362,/home/dkkkpmba/public_html/vivahyog.in/demo1/myhome.php
"2018-05-28 15:28:24",INFO,--,"SELECT distinct photo.imagename, basicprofile.profile_id, basicprofile.last_name, basicprofile.age, phyattr.heightFt, phyattr.heightInch, contactinfo.district, contactinfo.city FROM tbl_basic_profile basicprofile, tbl_profile_photo photo, tbl_physical_attr phyattr, tbl_contact_info contactinfo,tbl_partner_preference pref WHERE basicprofile.profile_id = photo.profile_id AND basicprofile.profile_id = phyattr.profile_id AND basicprofile.profile_id = contactinfo.profile_id AND basicprofile.gender ='Male' and basicprofile.status='Y' AND basicprofile.marital_status='Unmarried' AND basicprofile.caste='Brahmin- Rugvedi' AND( basicprofile.age BETWEEN 29-2 AND 29 OR basicprofile.age BETWEEN 29-1 AND 29 OR basicprofile.age BETWEEN 29 AND 25 OR basicprofile.age BETWEEN 29 AND 25+1 OR basicprofile.age BETWEEN 25 AND 25+2)",363,/home/dkkkpmba/public_html/vivahyog.in/demo1/myhome.php
"2018-05-28 13:58:26",INFO,--,"Photo Fetching Query::",62,/home/dkkkpmba/public_html/vivahyog.in/demo1/chgpic.php
"2018-05-28 13:58:26",INFO,--,"SELECT imagename FROM tbl_profile_photo where profile_id='1019'",63,/home/dkkkpmba/public_html/vivahyog.in/demo1/chgpic.php
"2018-05-28 13:58:26",INFO,--,"album status::Private",2564,/home/dkkkpmba/public_html/vivahyog.in/demo1/myprofile.php
"2018-05-28 13:58:43",INFO,--,"Updating Socio Attributes :::",1008,/home/dkkkpmba/public_html/vivahyog.in/demo1/myprofile.php
"2018-05-28 13:58:43",INFO,--,"UPDATE tbl_socio_religious_attr SET gothra = 'Jamdagni', rashi = 'Kanya', nakshtra = 'Ardra', charan = '2', nadi = 'Adhya', gan = 'Dev Gan', birth_place = 'Baramati', birth_time = '02:02:AM', mangal = 'No' WHERE profile_id = '1019'",1009,/home/dkkkpmba/public_html/vivahyog.in/demo1/myprofile.php
"2018-05-28 13:58:43",INFO,--,"Create Date is :2018-01-21 14:01:03",1304,/home/dkkkpmba/public_html/vivahyog.in/demo1/myprofile.php
"2018-05-28 13:58:43",INFO,--,"Create Date Update Query :UPDATE tbl_basic_profile SET create_datetime='2018-01-21 14:01:03' where profile_id='1019'",1286,/home/dkkkpmba/public_html/vivahyog.in/demo1/myprofile.php
"2018-05-28 13:58:43",INFO,--,"Photo Fetching Query::",62,/home/dkkkpmba/public_html/vivahyog.in/demo1/chgpic.php
"2018-05-28 13:58:43",INFO,--,"SELECT imagename FROM tbl_profile_photo where profile_id='1019'",63,/home/dkkkpmba/public_html/vivahyog.in/demo1/chgpic.php
"2018-05-28 13:58:43",INFO,--,"album status::Private",2564,/home/dkkkpmba/public_html/vivahyog.in/demo1/myprofile.php
"2018-05-28 15:28:44",INFO,--,"Partner Num Rows:1",302,/home/dkkkpmba/public_html/vivahyog.in/demo1/myhome.php
"2018-05-28 15:28:44",INFO,--,"Inside logic",315,/home/dkkkpmba/public_html/vivahyog.in/demo1/myhome.php
"2018-05-28 15:28:44",INFO,--,"Profile Matching Query:::",362,/home/dkkkpmba/public_html/vivahyog.in/demo1/myhome.php
"2018-05-28 15:28:44",INFO,--,"SELECT distinct photo.imagename, basicprofile.profile_id, basicprofile.last_name, basicprofile.age, phyattr.heightFt, phyattr.heightInch, contactinfo.district, contactinfo.city FROM tbl_basic_profile basicprofile, tbl_profile_photo photo, tbl_physical_attr phyattr, tbl_contact_info contactinfo,tbl_partner_preference pref WHERE basicprofile.profile_id = photo.profile_id AND basicprofile.profile_id = phyattr.profile_id AND basicprofile.profile_id = contactinfo.profile_id AND basicprofile.gender ='Male' and basicprofile.status='Y' AND basicprofile.marital_status='Unmarried' AND basicprofile.caste='Brahmin- Rugvedi' AND( basicprofile.age BETWEEN 29-2 AND 29 OR basicprofile.age BETWEEN 29-1 AND 29 OR basicprofile.age BETWEEN 29 AND 25 OR basicprofile.age BETWEEN 29 AND 25+1 OR basicprofile.age BETWEEN 25 AND 25+2)",363,/home/dkkkpmba/public_html/vivahyog.in/demo1/myhome.php
"2018-05-28 13:58:45",INFO,--,"Photo Fetching Query::",62,/home/dkkkpmba/public_html/vivahyog.in/demo1/chgpic.php
"2018-05-28 13:58:45",INFO,--,"SELECT imagename FROM tbl_profile_photo where profile_id='1019'",63,/home/dkkkpmba/public_html/vivahyog.in/demo1/chgpic.php
"2018-05-28 13:58:45",INFO,--,"album status::Private",2564,/home/dkkkpmba/public_html/vivahyog.in/demo1/myprofile.php
"2018-05-28 13:59:00",INFO,--,"Updating Physical Attributes :::",1033,/home/dkkkpmba/public_html/vivahyog.in/demo1/myprofile.php
"2018-05-28 13:59:00",INFO,--,"UPDATE tbl_physical_attr SET heightFt = '5', heightInch = '7', weight = '50', blood_group = 'B+', complexion = 'GORA' WHERE profile_id = '1019'",1034,/home/dkkkpmba/public_html/vivahyog.in/demo1/myprofile.php
"2018-05-28 13:59:00",INFO,--,"Create Date is :2018-01-21 14:01:03",1304,/home/dkkkpmba/public_html/vivahyog.in/demo1/myprofile.php
"2018-05-28 13:59:00",INFO,--,"Create Date Update Query :UPDATE tbl_basic_profile SET create_datetime='2018-01-21 14:01:03' where profile_id='1019'",1286,/home/dkkkpmba/public_html/vivahyog.in/demo1/myprofile.php
"2018-05-28 13:59:00",INFO,--,"Photo Fetching Query::",62,/home/dkkkpmba/public_html/vivahyog.in/demo1/chgpic.php
"2018-05-28 13:59:00",INFO,--,"SELECT imagename FROM tbl_profile_photo where profile_id='1019'",63,/home/dkkkpmba/public_html/vivahyog.in/demo1/chgpic.php
"2018-05-28 13:59:00",INFO,--,"album status::Private",2564,/home/dkkkpmba/public_html/vivahyog.in/demo1/myprofile.php
"2018-05-28 15:29:01",INFO,--,"Partner Num Rows:1",302,/home/dkkkpmba/public_html/vivahyog.in/demo1/myhome.php
"2018-05-28 15:29:01",INFO,--,"Inside logic",315,/home/dkkkpmba/public_html/vivahyog.in/demo1/myhome.php
"2018-05-28 15:29:01",INFO,--,"Profile Matching Query:::",362,/home/dkkkpmba/public_html/vivahyog.in/demo1/myhome.php
"2018-05-28 15:29:01",INFO,--,"SELECT distinct photo.imagename, basicprofile.profile_id, basicprofile.last_name, basicprofile.age, phyattr.heightFt, phyattr.heightInch, contactinfo.district, contactinfo.city FROM tbl_basic_profile basicprofile, tbl_profile_photo photo, tbl_physical_attr phyattr, tbl_contact_info contactinfo,tbl_partner_preference pref WHERE basicprofile.profile_id = photo.profile_id AND basicprofile.profile_id = phyattr.profile_id AND basicprofile.profile_id = contactinfo.profile_id AND basicprofile.gender ='Male' and basicprofile.status='Y' AND basicprofile.marital_status='Unmarried' AND basicprofile.caste='Brahmin- Rugvedi' AND( basicprofile.age BETWEEN 29-2 AND 29 OR basicprofile.age BETWEEN 29-1 AND 29 OR basicprofile.age BETWEEN 29 AND 25 OR basicprofile.age BETWEEN 29 AND 25+1 OR basicprofile.age BETWEEN 25 AND 25+2)",363,/home/dkkkpmba/public_html/vivahyog.in/demo1/myhome.php
"2018-05-28 13:59:03",INFO,--,"Photo Fetching Query::",62,/home/dkkkpmba/public_html/vivahyog.in/demo1/chgpic.php
"2018-05-28 13:59:03",INFO,--,"SELECT imagename FROM tbl_profile_photo where profile_id='1019'",63,/home/dkkkpmba/public_html/vivahyog.in/demo1/chgpic.php
"2018-05-28 13:59:03",INFO,--,"album status::Private",2564,/home/dkkkpmba/public_html/vivahyog.in/demo1/myprofile.php
"2018-05-28 13:59:11",INFO,--,"Updating Profile :::",1104,/home/dkkkpmba/public_html/vivahyog.in/demo1/myprofile.php
"2018-05-28 13:59:11",INFO,--,"UPDATE tbl_profile SET education = 'C.A', annualIncome = '100000', occupation = 'Job' WHERE profile_id='1019'",1105,/home/dkkkpmba/public_html/vivahyog.in/demo1/myprofile.php
"2018-05-28 13:59:11",INFO,--,"Create Date is :2018-01-21 14:01:03",1304,/home/dkkkpmba/public_html/vivahyog.in/demo1/myprofile.php
"2018-05-28 13:59:11",INFO,--,"Create Date Update Query :UPDATE tbl_basic_profile SET create_datetime='2018-01-21 14:01:03' where profile_id='1019'",1286,/home/dkkkpmba/public_html/vivahyog.in/demo1/myprofile.php
"2018-05-28 13:59:11",INFO,--,"Photo Fetching Query::",62,/home/dkkkpmba/public_html/vivahyog.in/demo1/chgpic.php
"2018-05-28 13:59:11",INFO,--,"SELECT imagename FROM tbl_profile_photo where profile_id='1019'",63,/home/dkkkpmba/public_html/vivahyog.in/demo1/chgpic.php
"2018-05-28 13:59:11",INFO,--,"album status::Private",2564,/home/dkkkpmba/public_html/vivahyog.in/demo1/myprofile.php
"2018-05-28 15:29:12",INFO,--,"Partner Num Rows:1",302,/home/dkkkpmba/public_html/vivahyog.in/demo1/myhome.php
"2018-05-28 15:29:12",INFO,--,"Inside logic",315,/home/dkkkpmba/public_html/vivahyog.in/demo1/myhome.php
"2018-05-28 15:29:12",INFO,--,"Profile Matching Query:::",362,/home/dkkkpmba/public_html/vivahyog.in/demo1/myhome.php
"2018-05-28 15:29:12",INFO,--,"SELECT distinct photo.imagename, basicprofile.profile_id, basicprofile.last_name, basicprofile.age, phyattr.heightFt, phyattr.heightInch, contactinfo.district, contactinfo.city FROM tbl_basic_profile basicprofile, tbl_profile_photo photo, tbl_physical_attr phyattr, tbl_contact_info contactinfo,tbl_partner_preference pref WHERE basicprofile.profile_id = photo.profile_id AND basicprofile.profile_id = phyattr.profile_id AND basicprofile.profile_id = contactinfo.profile_id AND basicprofile.gender ='Male' and basicprofile.status='Y' AND basicprofile.marital_status='Unmarried' AND basicprofile.caste='Brahmin- Rugvedi' AND( basicprofile.age BETWEEN 29-2 AND 29 OR basicprofile.age BETWEEN 29-1 AND 29 OR basicprofile.age BETWEEN 29 AND 25 OR basicprofile.age BETWEEN 29 AND 25+1 OR basicprofile.age BETWEEN 25 AND 25+2)",363,/home/dkkkpmba/public_html/vivahyog.in/demo1/myhome.php
"2018-05-28 13:59:13",INFO,--,"Photo Fetching Query::",62,/home/dkkkpmba/public_html/vivahyog.in/demo1/chgpic.php
"2018-05-28 13:59:13",INFO,--,"SELECT imagename FROM tbl_profile_photo where profile_id='1019'",63,/home/dkkkpmba/public_html/vivahyog.in/demo1/chgpic.php
"2018-05-28 13:59:13",INFO,--,"album status::Private",2564,/home/dkkkpmba/public_html/vivahyog.in/demo1/myprofile.php
"2018-05-28 13:59:56",INFO,--,"Updating Family Details :::",1149,/home/dkkkpmba/public_html/vivahyog.in/demo1/myprofile.php
"2018-05-28 13:59:56",INFO,--,"UPDATE tbl_family_details SET father_name = 'Vinayak', father_occupation = 'Gov Servant', mother_name = 'Smita', mother_occupation = 'Housewife', noofBrothers = '1', noofBrothersMarried = '0', noofSisters = '0', noofSistersMarried = '0', mamaLastName = 'Kulkarni', relativeLastNames = 'Joshi' WHERE profile_id = '1019'",1150,/home/dkkkpmba/public_html/vivahyog.in/demo1/myprofile.php
"2018-05-28 13:59:56",INFO,--,"Create Date is :2018-01-21 14:01:03",1304,/home/dkkkpmba/public_html/vivahyog.in/demo1/myprofile.php
"2018-05-28 13:59:56",INFO,--,"Create Date Update Query :UPDATE tbl_basic_profile SET create_datetime='2018-01-21 14:01:03' where profile_id='1019'",1286,/home/dkkkpmba/public_html/vivahyog.in/demo1/myprofile.php
"2018-05-28 13:59:56",INFO,--,"Photo Fetching Query::",62,/home/dkkkpmba/public_html/vivahyog.in/demo1/chgpic.php
"2018-05-28 13:59:56",INFO,--,"SELECT imagename FROM tbl_profile_photo where profile_id='1019'",63,/home/dkkkpmba/public_html/vivahyog.in/demo1/chgpic.php
"2018-05-28 13:59:56",INFO,--,"album status::Private",2564,/home/dkkkpmba/public_html/vivahyog.in/demo1/myprofile.php
"2018-05-28 15:29:56",INFO,--,"Partner Num Rows:1",302,/home/dkkkpmba/public_html/vivahyog.in/demo1/myhome.php
"2018-05-28 15:29:56",INFO,--,"Inside logic",315,/home/dkkkpmba/public_html/vivahyog.in/demo1/myhome.php
"2018-05-28 15:29:56",INFO,--,"Profile Matching Query:::",362,/home/dkkkpmba/public_html/vivahyog.in/demo1/myhome.php
"2018-05-28 15:29:56",INFO,--,"SELECT distinct photo.imagename, basicprofile.profile_id, basicprofile.last_name, basicprofile.age, phyattr.heightFt, phyattr.heightInch, contactinfo.district, contactinfo.city FROM tbl_basic_profile basicprofile, tbl_profile_photo photo, tbl_physical_attr phyattr, tbl_contact_info contactinfo,tbl_partner_preference pref WHERE basicprofile.profile_id = photo.profile_id AND basicprofile.profile_id = phyattr.profile_id AND basicprofile.profile_id = contactinfo.profile_id AND basicprofile.gender ='Male' and basicprofile.status='Y' AND basicprofile.marital_status='Unmarried' AND basicprofile.caste='Brahmin- Rugvedi' AND( basicprofile.age BETWEEN 29-2 AND 29 OR basicprofile.age BETWEEN 29-1 AND 29 OR basicprofile.age BETWEEN 29 AND 25 OR basicprofile.age BETWEEN 29 AND 25+1 OR basicprofile.age BETWEEN 25 AND 25+2)",363,/home/dkkkpmba/public_html/vivahyog.in/demo1/myhome.php
"2018-05-28 13:59:58",INFO,--,"Photo Fetching Query::",62,/home/dkkkpmba/public_html/vivahyog.in/demo1/chgpic.php
"2018-05-28 13:59:58",INFO,--,"SELECT imagename FROM tbl_profile_photo where profile_id='1019'",63,/home/dkkkpmba/public_html/vivahyog.in/demo1/chgpic.php
"2018-05-28 13:59:58",INFO,--,"album status::Private",2564,/home/dkkkpmba/public_html/vivahyog.in/demo1/myprofile.php
"2018-05-28 14:01:14",INFO,--,"Updating Partner Preference :::",1083,/home/dkkkpmba/public_html/vivahyog.in/demo1/myprofile.php
"2018-05-28 14:01:14",INFO,--,"UPDATE tbl_partner_preference SET looking_for = 'Unmarried', age_from = '27', age_to = '30', partner_education = 'M.C.A,B.A.M.S,B.H.M.S,M.Tech', partner_caste = 'Brahmin Yajurvedi' WHERE profile_id = '1019'",1084,/home/dkkkpmba/public_html/vivahyog.in/demo1/myprofile.php
"2018-05-28 14:01:14",INFO,--,"Create Date is :2018-01-21 14:01:03",1304,/home/dkkkpmba/public_html/vivahyog.in/demo1/myprofile.php
"2018-05-28 14:01:14",INFO,--,"Create Date Update Query :UPDATE tbl_basic_profile SET create_datetime='2018-01-21 14:01:03' where profile_id='1019'",1286,/home/dkkkpmba/public_html/vivahyog.in/demo1/myprofile.php
"2018-05-28 14:01:14",INFO,--,"Photo Fetching Query::",62,/home/dkkkpmba/public_html/vivahyog.in/demo1/chgpic.php
"2018-05-28 14:01:14",INFO,--,"SELECT imagename FROM tbl_profile_photo where profile_id='1019'",63,/home/dkkkpmba/public_html/vivahyog.in/demo1/chgpic.php
"2018-05-28 14:01:14",INFO,--,"album status::Private",2564,/home/dkkkpmba/public_html/vivahyog.in/demo1/myprofile.php
"2018-05-28 15:31:15",INFO,--,"Partner Num Rows:1",302,/home/dkkkpmba/public_html/vivahyog.in/demo1/myhome.php
"2018-05-28 15:31:15",INFO,--,"Inside logic11112730",328,/home/dkkkpmba/public_html/vivahyog.in/demo1/myhome.php
"2018-05-28 15:31:15",INFO,--,"Profile Matching Query:::",362,/home/dkkkpmba/public_html/vivahyog.in/demo1/myhome.php
"2018-05-28 15:31:15",INFO,--,"SELECT distinct photo.imagename, basicprofile.profile_id, basicprofile.last_name, basicprofile.age, phyattr.heightFt, phyattr.heightInch, contactinfo.district, contactinfo.city FROM tbl_basic_profile basicprofile, tbl_profile_photo photo, tbl_physical_attr phyattr, tbl_contact_info contactinfo,tbl_partner_preference pref WHERE basicprofile.profile_id = photo.profile_id AND basicprofile.profile_id = phyattr.profile_id AND basicprofile.profile_id = contactinfo.profile_id AND basicprofile.gender ='Male' and basicprofile.status='Y' AND basicprofile.marital_status='Unmarried' AND basicprofile.caste='Brahmin Yajurvedi' AND( basicprofile.age BETWEEN 27-2 AND 27 OR basicprofile.age BETWEEN 27-1 AND 27 OR basicprofile.age BETWEEN 27 AND 30 OR basicprofile.age BETWEEN 27 AND 30+1 OR basicprofile.age BETWEEN 30 AND 30+2)",363,/home/dkkkpmba/public_html/vivahyog.in/demo1/myhome.php
"2018-05-28 14:01:20",INFO,--,"Photo Fetching Query::",62,/home/dkkkpmba/public_html/vivahyog.in/demo1/chgpic.php
"2018-05-28 14:01:20",INFO,--,"SELECT imagename FROM tbl_profile_photo where profile_id='1019'",63,/home/dkkkpmba/public_html/vivahyog.in/demo1/chgpic.php
"2018-05-28 14:01:20",INFO,--,"album status::Private",2564,/home/dkkkpmba/public_html/vivahyog.in/demo1/myprofile.php
"2018-05-28 14:16:51",INFO,--,"Photo Fetching Query::",62,/home/dkkkpmba/public_html/vivahyog.in/demo1/chgpic.php
"2018-05-28 14:16:51",INFO,--,"SELECT imagename FROM tbl_profile_photo where profile_id='1019'",63,/home/dkkkpmba/public_html/vivahyog.in/demo1/chgpic.php
"2018-05-28 14:16:51",INFO,--,"album status::Private",2564,/home/dkkkpmba/public_html/vivahyog.in/demo1/myprofile.php
"2018-05-28 14:17:35",INFO,--,"Updating Contact Info :::",928,/home/dkkkpmba/public_html/vivahyog.in/demo1/myprofile.php
"2018-05-28 14:17:35",INFO,--,"UPDATE tbl_contact_info SET mobile_no = '8796154725', alternate_mobile_no = '9028248930', email_id = 'priyanka.bhalerao22@gmail.com', address = 'Smruti Nivas,Morgaon Road,Baramati 9028248930 ', country = 'India',state='Maharashtra',district='Pune',city='Baramati' WHERE profile_id = '1019'",929,/home/dkkkpmba/public_html/vivahyog.in/demo1/myprofile.php
"2018-05-28 14:17:35",INFO,--,"Create Date is :2018-01-21 14:01:03",1304,/home/dkkkpmba/public_html/vivahyog.in/demo1/myprofile.php
"2018-05-28 14:17:35",INFO,--,"Create Date Update Query :UPDATE tbl_basic_profile SET create_datetime='2018-01-21 14:01:03' where profile_id='1019'",1286,/home/dkkkpmba/public_html/vivahyog.in/demo1/myprofile.php
"2018-05-28 14:17:35",INFO,--,"Photo Fetching Query::",62,/home/dkkkpmba/public_html/vivahyog.in/demo1/chgpic.php
"2018-05-28 14:17:35",INFO,--,"SELECT imagename FROM tbl_profile_photo where profile_id='1019'",63,/home/dkkkpmba/public_html/vivahyog.in/demo1/chgpic.php
"2018-05-28 14:17:35",INFO,--,"album status::Private",2564,/home/dkkkpmba/public_html/vivahyog.in/demo1/myprofile.php
"2018-05-28 15:47:35",INFO,--,"Partner Num Rows:1",302,/home/dkkkpmba/public_html/vivahyog.in/demo1/myhome.php
"2018-05-28 15:47:35",INFO,--,"Inside logic11112730",328,/home/dkkkpmba/public_html/vivahyog.in/demo1/myhome.php
"2018-05-28 15:47:35",INFO,--,"Profile Matching Query:::",362,/home/dkkkpmba/public_html/vivahyog.in/demo1/myhome.php
"2018-05-28 15:47:35",INFO,--,"SELECT distinct photo.imagename, basicprofile.profile_id, basicprofile.last_name, basicprofile.age, phyattr.heightFt, phyattr.heightInch, contactinfo.district, contactinfo.city FROM tbl_basic_profile basicprofile, tbl_profile_photo photo, tbl_physical_attr phyattr, tbl_contact_info contactinfo,tbl_partner_preference pref WHERE basicprofile.profile_id = photo.profile_id AND basicprofile.profile_id = phyattr.profile_id AND basicprofile.profile_id = contactinfo.profile_id AND basicprofile.gender ='Male' and basicprofile.status='Y' AND basicprofile.marital_status='Unmarried' AND basicprofile.caste='Brahmin Yajurvedi' AND( basicprofile.age BETWEEN 27-2 AND 27 OR basicprofile.age BETWEEN 27-1 AND 27 OR basicprofile.age BETWEEN 27 AND 30 OR basicprofile.age BETWEEN 27 AND 30+1 OR basicprofile.age BETWEEN 30 AND 30+2)",363,/home/dkkkpmba/public_html/vivahyog.in/demo1/myhome.php
"2018-05-28 14:17:37",INFO,--,"Photo Fetching Query::",62,/home/dkkkpmba/public_html/vivahyog.in/demo1/chgpic.php
"2018-05-28 14:17:37",INFO,--,"SELECT imagename FROM tbl_profile_photo where profile_id='1019'",63,/home/dkkkpmba/public_html/vivahyog.in/demo1/chgpic.php
"2018-05-28 14:17:37",INFO,--,"album status::Private",2564,/home/dkkkpmba/public_html/vivahyog.in/demo1/myprofile.php
"2018-05-28 15:47:50",INFO,--,"Partner Num Rows:1",302,/home/dkkkpmba/public_html/vivahyog.in/demo1/myhome.php
"2018-05-28 15:47:50",INFO,--,"Inside logic11112730",328,/home/dkkkpmba/public_html/vivahyog.in/demo1/myhome.php
"2018-05-28 15:47:50",INFO,--,"Profile Matching Query:::",362,/home/dkkkpmba/public_html/vivahyog.in/demo1/myhome.php
"2018-05-28 15:47:50",INFO,--,"SELECT distinct photo.imagename, basicprofile.profile_id, basicprofile.last_name, basicprofile.age, phyattr.heightFt, phyattr.heightInch, contactinfo.district, contactinfo.city FROM tbl_basic_profile basicprofile, tbl_profile_photo photo, tbl_physical_attr phyattr, tbl_contact_info contactinfo,tbl_partner_preference pref WHERE basicprofile.profile_id = photo.profile_id AND basicprofile.profile_id = phyattr.profile_id AND basicprofile.profile_id = contactinfo.profile_id AND basicprofile.gender ='Male' and basicprofile.status='Y' AND basicprofile.marital_status='Unmarried' AND basicprofile.caste='Brahmin Yajurvedi' AND( basicprofile.age BETWEEN 27-2 AND 27 OR basicprofile.age BETWEEN 27-1 AND 27 OR basicprofile.age BETWEEN 27 AND 30 OR basicprofile.age BETWEEN 27 AND 30+1 OR basicprofile.age BETWEEN 30 AND 30+2)",363,/home/dkkkpmba/public_html/vivahyog.in/demo1/myhome.php
"2018-05-28 15:48:04",INFO,--,"Partner Contact Details:8421056753 and 8421056753",255,/home/dkkkpmba/public_html/vivahyog.in/demo1/showpartnerdetails.php
"2018-05-28 15:51:46",INFO,--,"Partner Num Rows:1",302,/home/dkkkpmba/public_html/vivahyog.in/demo1/myhome.php
"2018-05-28 15:51:46",INFO,--,"Inside logic11112730",328,/home/dkkkpmba/public_html/vivahyog.in/demo1/myhome.php
"2018-05-28 15:51:46",INFO,--,"Profile Matching Query:::",362,/home/dkkkpmba/public_html/vivahyog.in/demo1/myhome.php
"2018-05-28 15:51:46",INFO,--,"SELECT distinct photo.imagename, basicprofile.profile_id, basicprofile.last_name, basicprofile.age, phyattr.heightFt, phyattr.heightInch, contactinfo.district, contactinfo.city FROM tbl_basic_profile basicprofile, tbl_profile_photo photo, tbl_physical_attr phyattr, tbl_contact_info contactinfo,tbl_partner_preference pref WHERE basicprofile.profile_id = photo.profile_id AND basicprofile.profile_id = phyattr.profile_id AND basicprofile.profile_id = contactinfo.profile_id AND basicprofile.gender ='Male' and basicprofile.status='Y' AND basicprofile.marital_status='Unmarried' AND basicprofile.caste='Brahmin Yajurvedi' AND( basicprofile.age BETWEEN 27-2 AND 27 OR basicprofile.age BETWEEN 27-1 AND 27 OR basicprofile.age BETWEEN 27 AND 30 OR basicprofile.age BETWEEN 27 AND 30+1 OR basicprofile.age BETWEEN 30 AND 30+2)",363,/home/dkkkpmba/public_html/vivahyog.in/demo1/myhome.php
"2018-05-28 15:51:53",INFO,--,"Partner Num Rows:1",302,/home/dkkkpmba/public_html/vivahyog.in/demo1/myhome.php
"2018-05-28 15:51:53",INFO,--,"Inside logic11112730",328,/home/dkkkpmba/public_html/vivahyog.in/demo1/myhome.php
"2018-05-28 15:51:53",INFO,--,"Profile Matching Query:::",362,/home/dkkkpmba/public_html/vivahyog.in/demo1/myhome.php
"2018-05-28 15:51:53",INFO,--,"SELECT distinct photo.imagename, basicprofile.profile_id, basicprofile.last_name, basicprofile.age, phyattr.heightFt, phyattr.heightInch, contactinfo.district, contactinfo.city FROM tbl_basic_profile basicprofile, tbl_profile_photo photo, tbl_physical_attr phyattr, tbl_contact_info contactinfo,tbl_partner_preference pref WHERE basicprofile.profile_id = photo.profile_id AND basicprofile.profile_id = phyattr.profile_id AND basicprofile.profile_id = contactinfo.profile_id AND basicprofile.gender ='Male' and basicprofile.status='Y' AND basicprofile.marital_status='Unmarried' AND basicprofile.caste='Brahmin Yajurvedi' AND( basicprofile.age BETWEEN 27-2 AND 27 OR basicprofile.age BETWEEN 27-1 AND 27 OR basicprofile.age BETWEEN 27 AND 30 OR basicprofile.age BETWEEN 27 AND 30+1 OR basicprofile.age BETWEEN 30 AND 30+2)",363,/home/dkkkpmba/public_html/vivahyog.in/demo1/myhome.php
"2018-05-28 15:51:55",INFO,--,"Partner Num Rows:1",302,/home/dkkkpmba/public_html/vivahyog.in/demo1/myhome.php
"2018-05-28 15:51:55",INFO,--,"Inside logic11112730",328,/home/dkkkpmba/public_html/vivahyog.in/demo1/myhome.php
"2018-05-28 15:51:55",INFO,--,"Profile Matching Query:::",362,/home/dkkkpmba/public_html/vivahyog.in/demo1/myhome.php
"2018-05-28 15:51:55",INFO,--,"SELECT distinct photo.imagename, basicprofile.profile_id, basicprofile.last_name, basicprofile.age, phyattr.heightFt, phyattr.heightInch, contactinfo.district, contactinfo.city FROM tbl_basic_profile basicprofile, tbl_profile_photo photo, tbl_physical_attr phyattr, tbl_contact_info contactinfo,tbl_partner_preference pref WHERE basicprofile.profile_id = photo.profile_id AND basicprofile.profile_id = phyattr.profile_id AND basicprofile.profile_id = contactinfo.profile_id AND basicprofile.gender ='Male' and basicprofile.status='Y' AND basicprofile.marital_status='Unmarried' AND basicprofile.caste='Brahmin Yajurvedi' AND( basicprofile.age BETWEEN 27-2 AND 27 OR basicprofile.age BETWEEN 27-1 AND 27 OR basicprofile.age BETWEEN 27 AND 30 OR basicprofile.age BETWEEN 27 AND 30+1 OR basicprofile.age BETWEEN 30 AND 30+2)",363,/home/dkkkpmba/public_html/vivahyog.in/demo1/myhome.php
"2018-05-28 15:52:42",INFO,--,"Partner Num Rows:1",302,/home/dkkkpmba/public_html/vivahyog.in/demo1/myhome.php
"2018-05-28 15:52:42",INFO,--,"Inside logic11112730",328,/home/dkkkpmba/public_html/vivahyog.in/demo1/myhome.php
"2018-05-28 15:52:42",INFO,--,"Profile Matching Query:::",362,/home/dkkkpmba/public_html/vivahyog.in/demo1/myhome.php
"2018-05-28 15:52:42",INFO,--,"SELECT distinct photo.imagename, basicprofile.profile_id, basicprofile.last_name, basicprofile.age, phyattr.heightFt, phyattr.heightInch, contactinfo.district, contactinfo.city FROM tbl_basic_profile basicprofile, tbl_profile_photo photo, tbl_physical_attr phyattr, tbl_contact_info contactinfo,tbl_partner_preference pref WHERE basicprofile.profile_id = photo.profile_id AND basicprofile.profile_id = phyattr.profile_id AND basicprofile.profile_id = contactinfo.profile_id AND basicprofile.gender ='Male' and basicprofile.status='Y' AND basicprofile.marital_status='Unmarried' AND basicprofile.caste='Brahmin Yajurvedi' AND( basicprofile.age BETWEEN 27-2 AND 27 OR basicprofile.age BETWEEN 27-1 AND 27 OR basicprofile.age BETWEEN 27 AND 30 OR basicprofile.age BETWEEN 27 AND 30+1 OR basicprofile.age BETWEEN 30 AND 30+2)",363,/home/dkkkpmba/public_html/vivahyog.in/demo1/myhome.php
"2018-05-28 16:03:00",INFO,--,"Partner Num Rows:0",302,/home/dkkkpmba/public_html/vivahyog.in/demo1/myhome.php
"2018-05-28 16:03:00",INFO,--,"Profile Matching Query:::",362,/home/dkkkpmba/public_html/vivahyog.in/demo1/myhome.php
"2018-05-28 16:03:00",INFO,--,"SELECT distinct photo.imagename, basicprofile.profile_id, basicprofile.last_name, basicprofile.age, phyattr.heightFt, phyattr.heightInch, contactinfo.district, contactinfo.city FROM tbl_basic_profile basicprofile, tbl_profile_photo photo, tbl_physical_attr phyattr, tbl_contact_info contactinfo,tbl_partner_preference pref WHERE basicprofile.profile_id = photo.profile_id AND basicprofile.profile_id = phyattr.profile_id AND basicprofile.profile_id = contactinfo.profile_id AND basicprofile.gender ='Female' and basicprofile.status='Y' AND basicprofile.marital_status='' AND basicprofile.caste='' AND( basicprofile.age BETWEEN -2 AND OR basicprofile.age BETWEEN -1 AND OR basicprofile.age BETWEEN AND OR basicprofile.age BETWEEN AND +1 OR basicprofile.age BETWEEN AND +2)",363,/home/dkkkpmba/public_html/vivahyog.in/demo1/myhome.php
"2018-05-29 01:35:55",INFO,--,"Search Query:::",165,/home/dkkkpmba/public_html/vivahyog.in/demo1/searchdata.php
"2018-05-29 01:35:55",INFO,--,"select photo.imagename,basicprofile.profile_id,basicprofile.last_name,basicprofile.caste,basicprofile.age,phyattr.heightFt,phyattr.heightInch, contactinfo.district,contactinfo.city from tbl_basic_profile basicprofile,tbl_profile_photo photo,tbl_physical_attr phyattr,tbl_contact_info contactinfo where basicprofile.profile_id=photo.profile_id and basicprofile.profile_id=phyattr.profile_id and basicprofile.profile_id=contactinfo.profile_id and basicprofile.profile_id='1019' and basicprofile.status='Y'",166,/home/dkkkpmba/public_html/vivahyog.in/demo1/searchdata.php
"2018-05-29 01:37:33",INFO,--,"Search Query:::",166,/home/dkkkpmba/public_html/vivahyog.in/demo1/searchdata.php
"2018-05-29 01:37:33",INFO,--,"select photo.imagename,basicprofile.profile_id,basicprofile.last_name,basicprofile.caste,basicprofile.age,phyattr.heightFt,phyattr.heightInch, contactinfo.district,contactinfo.city from tbl_basic_profile basicprofile,tbl_profile_photo photo,tbl_physical_attr phyattr,tbl_contact_info contactinfo where basicprofile.profile_id=photo.profile_id and basicprofile.profile_id=phyattr.profile_id and basicprofile.profile_id=contactinfo.profile_id and basicprofile.profile_id='1019' and basicprofile.status='Y'",167,/home/dkkkpmba/public_html/vivahyog.in/demo1/searchdata.php
"2018-06-05 00:05:14",INFO,--,"Search Query:::",166,/home/dkkkpmba/public_html/vivahyog.in/demo1/searchdata.php
"2018-06-05 00:05:14",INFO,--,"select photo.imagename,basicprofile.profile_id,basicprofile.last_name,basicprofile.caste,basicprofile.age,phyattr.heightFt,phyattr.heightInch, contactinfo.district,contactinfo.city from tbl_basic_profile basicprofile,tbl_profile_photo photo,tbl_physical_attr phyattr,tbl_contact_info contactinfo where basicprofile.profile_id=photo.profile_id and basicprofile.profile_id=phyattr.profile_id and basicprofile.profile_id=contactinfo.profile_id and basicprofile.profile_id='1019' and basicprofile.status='Y'",167,/home/dkkkpmba/public_html/vivahyog.in/demo1/searchdata.php
"2018-06-05 00:05:26",INFO,--,"Search Query:::",166,/home/dkkkpmba/public_html/vivahyog.in/demo1/searchdata.php
"2018-06-05 00:05:26",INFO,--,"select photo.imagename,basicprofile.profile_id,basicprofile.last_name,basicprofile.caste,basicprofile.age,phyattr.heightFt,phyattr.heightInch, contactinfo.district,contactinfo.city from tbl_basic_profile basicprofile,tbl_profile_photo photo,tbl_physical_attr phyattr,tbl_contact_info contactinfo,tbl_profile profile where basicprofile.profile_id=photo.profile_id and basicprofile.profile_id=phyattr.profile_id and basicprofile.profile_id=contactinfo.profile_id and basicprofile.profile_id=profile.profile_id and contactinfo.district='Ahmednagar' and basicprofile.gender='Female' and basicprofile.status='Y' and basicprofile.caste='Agri' AND( basicprofile.age BETWEEN 18-2 AND 18 OR basicprofile.age BETWEEN 18-1 AND 18 OR basicprofile.age BETWEEN 18 AND 25 OR basicprofile.age BETWEEN 18 AND 25+1 OR basicprofile.age BETWEEN 25 AND 25+2)",167,/home/dkkkpmba/public_html/vivahyog.in/demo1/searchdata.php
"2018-06-05 00:05:34",INFO,--,"Search Query:::",166,/home/dkkkpmba/public_html/vivahyog.in/demo1/searchdata.php
"2018-06-05 00:05:34",INFO,--,"select photo.imagename,basicprofile.profile_id,basicprofile.last_name,basicprofile.caste,basicprofile.age,phyattr.heightFt,phyattr.heightInch, contactinfo.district,contactinfo.city from tbl_basic_profile basicprofile,tbl_profile_photo photo,tbl_physical_attr phyattr,tbl_contact_info contactinfo,tbl_profile profile where basicprofile.profile_id=photo.profile_id and basicprofile.profile_id=phyattr.profile_id and basicprofile.profile_id=contactinfo.profile_id and basicprofile.profile_id=profile.profile_id and contactinfo.district='Ahmednagar' and basicprofile.gender='Female' and basicprofile.status='Y' and basicprofile.caste='Agri' AND( basicprofile.age BETWEEN 18-2 AND 18 OR basicprofile.age BETWEEN 18-1 AND 18 OR basicprofile.age BETWEEN 18 AND 30 OR basicprofile.age BETWEEN 18 AND 30+1 OR basicprofile.age BETWEEN 30 AND 30+2)",167,/home/dkkkpmba/public_html/vivahyog.in/demo1/searchdata.php
"2018-06-05 00:05:42",INFO,--,"Search Query:::",166,/home/dkkkpmba/public_html/vivahyog.in/demo1/searchdata.php
"2018-06-05 00:05:42",INFO,--,"select photo.imagename,basicprofile.profile_id,basicprofile.last_name,basicprofile.caste,basicprofile.age,phyattr.heightFt,phyattr.heightInch, contactinfo.district,contactinfo.city from tbl_basic_profile basicprofile,tbl_profile_photo photo,tbl_physical_attr phyattr,tbl_contact_info contactinfo where basicprofile.profile_id=photo.profile_id and basicprofile.profile_id=phyattr.profile_id and basicprofile.profile_id=contactinfo.profile_id and contactinfo.district='Ahmednagar' and basicprofile.gender='Female' and basicprofile.status='Y'",167,/home/dkkkpmba/public_html/vivahyog.in/demo1/searchdata.php
"2018-06-05 07:14:26",INFO,--,"Partner Num Rows:1",302,/home/dkkkpmba/public_html/vivahyog.in/demo1/myhome.php
"2018-06-05 07:14:26",INFO,--,"Inside logic",315,/home/dkkkpmba/public_html/vivahyog.in/demo1/myhome.php
"2018-06-05 07:14:26",INFO,--,"Profile Matching Query:::",362,/home/dkkkpmba/public_html/vivahyog.in/demo1/myhome.php
"2018-06-05 07:14:26",INFO,--,"SELECT distinct photo.imagename, basicprofile.profile_id, basicprofile.last_name, basicprofile.age, phyattr.heightFt, phyattr.heightInch, contactinfo.district, contactinfo.city FROM tbl_basic_profile basicprofile, tbl_profile_photo photo, tbl_physical_attr phyattr, tbl_contact_info contactinfo,tbl_partner_preference pref WHERE basicprofile.profile_id = photo.profile_id AND basicprofile.profile_id = phyattr.profile_id AND basicprofile.profile_id = contactinfo.profile_id AND basicprofile.gender ='Female' and basicprofile.status='Y' AND basicprofile.marital_status='Unmarried' AND basicprofile.caste='Mali' AND( basicprofile.age BETWEEN 25-2 AND 25 OR basicprofile.age BETWEEN 25-1 AND 25 OR basicprofile.age BETWEEN 25 AND 29 OR basicprofile.age BETWEEN 25 AND 29+1 OR basicprofile.age BETWEEN 29 AND 29+2)",363,/home/dkkkpmba/public_html/vivahyog.in/demo1/myhome.php
"2018-06-05 05:44:36",INFO,--,"Photo Fetching Query::",62,/home/dkkkpmba/public_html/vivahyog.in/demo1/chgpic.php
"2018-06-05 05:44:36",INFO,--,"SELECT imagename FROM tbl_profile_photo where profile_id='1120'",63,/home/dkkkpmba/public_html/vivahyog.in/demo1/chgpic.php
"2018-06-05 05:44:36",INFO,--,"album status::Private",2564,/home/dkkkpmba/public_html/vivahyog.in/demo1/myprofile.php
"2018-06-05 07:16:30",INFO,--,"Partner Num Rows:0",302,/home/dkkkpmba/public_html/vivahyog.in/demo1/myhome.php
"2018-06-05 07:16:30",INFO,--,"Profile Matching Query:::",362,/home/dkkkpmba/public_html/vivahyog.in/demo1/myhome.php
"2018-06-05 07:16:30",INFO,--,"SELECT distinct photo.imagename, basicprofile.profile_id, basicprofile.last_name, basicprofile.age, phyattr.heightFt, phyattr.heightInch, contactinfo.district, contactinfo.city FROM tbl_basic_profile basicprofile, tbl_profile_photo photo, tbl_physical_attr phyattr, tbl_contact_info contactinfo,tbl_partner_preference pref WHERE basicprofile.profile_id = photo.profile_id AND basicprofile.profile_id = phyattr.profile_id AND basicprofile.profile_id = contactinfo.profile_id AND basicprofile.gender ='Male' and basicprofile.status='Y' AND basicprofile.marital_status='' AND basicprofile.caste='' AND( basicprofile.age BETWEEN -2 AND OR basicprofile.age BETWEEN -1 AND OR basicprofile.age BETWEEN AND OR basicprofile.age BETWEEN AND +1 OR basicprofile.age BETWEEN AND +2)",363,/home/dkkkpmba/public_html/vivahyog.in/demo1/myhome.php
"2018-06-05 07:16:42",INFO,--,"Partner Num Rows:1",302,/home/dkkkpmba/public_html/vivahyog.in/demo1/myhome.php
"2018-06-05 07:16:42",INFO,--,"Inside logic",315,/home/dkkkpmba/public_html/vivahyog.in/demo1/myhome.php
"2018-06-05 07:16:42",INFO,--,"Profile Matching Query:::",362,/home/dkkkpmba/public_html/vivahyog.in/demo1/myhome.php
"2018-06-05 07:16:42",INFO,--,"SELECT distinct photo.imagename, basicprofile.profile_id, basicprofile.last_name, basicprofile.age, phyattr.heightFt, phyattr.heightInch, contactinfo.district, contactinfo.city FROM tbl_basic_profile basicprofile, tbl_profile_photo photo, tbl_physical_attr phyattr, tbl_contact_info contactinfo,tbl_partner_preference pref WHERE basicprofile.profile_id = photo.profile_id AND basicprofile.profile_id = phyattr.profile_id AND basicprofile.profile_id = contactinfo.profile_id AND basicprofile.gender ='Female' and basicprofile.status='Y' AND basicprofile.marital_status='Unmarried' AND basicprofile.caste='Mali' AND( basicprofile.age BETWEEN 25-2 AND 25 OR basicprofile.age BETWEEN 25-1 AND 25 OR basicprofile.age BETWEEN 25 AND 29 OR basicprofile.age BETWEEN 25 AND 29+1 OR basicprofile.age BETWEEN 29 AND 29+2)",363,/home/dkkkpmba/public_html/vivahyog.in/demo1/myhome.php
"2018-06-05 05:46:46",INFO,--,"Photo Fetching Query::",62,/home/dkkkpmba/public_html/vivahyog.in/demo1/chgpic.php
"2018-06-05 05:46:46",INFO,--,"SELECT imagename FROM tbl_profile_photo where profile_id='1120'",63,/home/dkkkpmba/public_html/vivahyog.in/demo1/chgpic.php
"2018-06-05 05:46:46",INFO,--,"album status::Private",2564,/home/dkkkpmba/public_html/vivahyog.in/demo1/myprofile.php
"2018-06-05 07:17:05",INFO,--,"Partner Num Rows:1",302,/home/dkkkpmba/public_html/vivahyog.in/demo1/myhome.php
"2018-06-05 07:17:05",INFO,--,"Inside logic",315,/home/dkkkpmba/public_html/vivahyog.in/demo1/myhome.php
"2018-06-05 07:17:05",INFO,--,"Profile Matching Query:::",362,/home/dkkkpmba/public_html/vivahyog.in/demo1/myhome.php
"2018-06-05 07:17:05",INFO,--,"SELECT distinct photo.imagename, basicprofile.profile_id, basicprofile.last_name, basicprofile.age, phyattr.heightFt, phyattr.heightInch, contactinfo.district, contactinfo.city FROM tbl_basic_profile basicprofile, tbl_profile_photo photo, tbl_physical_attr phyattr, tbl_contact_info contactinfo,tbl_partner_preference pref WHERE basicprofile.profile_id = photo.profile_id AND basicprofile.profile_id = phyattr.profile_id AND basicprofile.profile_id = contactinfo.profile_id AND basicprofile.gender ='Female' and basicprofile.status='Y' AND basicprofile.marital_status='Unmarried' AND basicprofile.caste='Mali' AND( basicprofile.age BETWEEN 25-2 AND 25 OR basicprofile.age BETWEEN 25-1 AND 25 OR basicprofile.age BETWEEN 25 AND 29 OR basicprofile.age BETWEEN 25 AND 29+1 OR basicprofile.age BETWEEN 29 AND 29+2)",363,/home/dkkkpmba/public_html/vivahyog.in/demo1/myhome.php
"2018-06-06 10:40:20",INFO,--,"Partner Num Rows:1",302,/home/dkkkpmba/public_html/vivahyog.in/demo1/myhome.php
"2018-06-06 10:40:20",INFO,--,"Inside logic",315,/home/dkkkpmba/public_html/vivahyog.in/demo1/myhome.php
"2018-06-06 10:40:20",INFO,--,"Profile Matching Query:::",362,/home/dkkkpmba/public_html/vivahyog.in/demo1/myhome.php
"2018-06-06 10:40:20",INFO,--,"SELECT distinct photo.imagename, basicprofile.profile_id, basicprofile.last_name, basicprofile.age, phyattr.heightFt, phyattr.heightInch, contactinfo.district, contactinfo.city FROM tbl_basic_profile basicprofile, tbl_profile_photo photo, tbl_physical_attr phyattr, tbl_contact_info contactinfo,tbl_partner_preference pref WHERE basicprofile.profile_id = photo.profile_id AND basicprofile.profile_id = phyattr.profile_id AND basicprofile.profile_id = contactinfo.profile_id AND basicprofile.gender ='Male' and basicprofile.status='Y' AND basicprofile.marital_status='Unmarried' AND basicprofile.caste='Maratha' AND( basicprofile.age BETWEEN 31-2 AND 31 OR basicprofile.age BETWEEN 31-1 AND 31 OR basicprofile.age BETWEEN 31 AND 27 OR basicprofile.age BETWEEN 31 AND 27+1 OR basicprofile.age BETWEEN 27 AND 27+2)",363,/home/dkkkpmba/public_html/vivahyog.in/demo1/myhome.php
"2018-06-06 09:10:26",INFO,--,"Photo Fetching Query::",62,/home/dkkkpmba/public_html/vivahyog.in/demo1/chgpic.php
"2018-06-06 09:10:26",INFO,--,"SELECT imagename FROM tbl_profile_photo where profile_id='1125'",63,/home/dkkkpmba/public_html/vivahyog.in/demo1/chgpic.php
"2018-06-06 09:10:26",INFO,--,"album status::Private",2564,/home/dkkkpmba/public_html/vivahyog.in/demo1/myprofile.php
"2018-06-06 09:10:42",INFO,--,"Updating Profile :::",1104,/home/dkkkpmba/public_html/vivahyog.in/demo1/myprofile.php
"2018-06-06 09:10:42",INFO,--,"UPDATE tbl_profile SET education = 'M.C.A', annualIncome = '250000', occupation = 'Job' WHERE profile_id='1125'",1105,/home/dkkkpmba/public_html/vivahyog.in/demo1/myprofile.php
"2018-06-06 09:10:42",INFO,--,"Create Date is :2018-06-06 03:39:26",1304,/home/dkkkpmba/public_html/vivahyog.in/demo1/myprofile.php
"2018-06-06 09:10:42",INFO,--,"Create Date Update Query :UPDATE tbl_basic_profile SET create_datetime='2018-06-06 03:39:26' where profile_id='1125'",1286,/home/dkkkpmba/public_html/vivahyog.in/demo1/myprofile.php
"2018-06-06 09:10:42",INFO,--,"Photo Fetching Query::",62,/home/dkkkpmba/public_html/vivahyog.in/demo1/chgpic.php
"2018-06-06 09:10:42",INFO,--,"SELECT imagename FROM tbl_profile_photo where profile_id='1125'",63,/home/dkkkpmba/public_html/vivahyog.in/demo1/chgpic.php
"2018-06-06 09:10:42",INFO,--,"album status::Private",2564,/home/dkkkpmba/public_html/vivahyog.in/demo1/myprofile.php
"2018-06-06 10:40:42",INFO,--,"Partner Num Rows:1",302,/home/dkkkpmba/public_html/vivahyog.in/demo1/myhome.php
"2018-06-06 10:40:42",INFO,--,"Inside logic",315,/home/dkkkpmba/public_html/vivahyog.in/demo1/myhome.php
"2018-06-06 10:40:42",INFO,--,"Profile Matching Query:::",362,/home/dkkkpmba/public_html/vivahyog.in/demo1/myhome.php
"2018-06-06 10:40:42",INFO,--,"SELECT distinct photo.imagename, basicprofile.profile_id, basicprofile.last_name, basicprofile.age, phyattr.heightFt, phyattr.heightInch, contactinfo.district, contactinfo.city FROM tbl_basic_profile basicprofile, tbl_profile_photo photo, tbl_physical_attr phyattr, tbl_contact_info contactinfo,tbl_partner_preference pref WHERE basicprofile.profile_id = photo.profile_id AND basicprofile.profile_id = phyattr.profile_id AND basicprofile.profile_id = contactinfo.profile_id AND basicprofile.gender ='Male' and basicprofile.status='Y' AND basicprofile.marital_status='Unmarried' AND basicprofile.caste='Maratha' AND( basicprofile.age BETWEEN 31-2 AND 31 OR basicprofile.age BETWEEN 31-1 AND 31 OR basicprofile.age BETWEEN 31 AND 27 OR basicprofile.age BETWEEN 31 AND 27+1 OR basicprofile.age BETWEEN 27 AND 27+2)",363,/home/dkkkpmba/public_html/vivahyog.in/demo1/myhome.php
"2018-06-06 09:10:44",INFO,--,"Photo Fetching Query::",62,/home/dkkkpmba/public_html/vivahyog.in/demo1/chgpic.php
"2018-06-06 09:10:44",INFO,--,"SELECT imagename FROM tbl_profile_photo where profile_id='1125'",63,/home/dkkkpmba/public_html/vivahyog.in/demo1/chgpic.php
"2018-06-06 09:10:44",INFO,--,"album status::Private",2564,/home/dkkkpmba/public_html/vivahyog.in/demo1/myprofile.php
"2018-06-06 04:06:39",INFO,--,"Search Query:::",166,/home/dkkkpmba/public_html/vivahyog.in/searchdata.php
"2018-06-06 04:06:39",INFO,--,"select photo.imagename,basicprofile.profile_id,basicprofile.last_name,basicprofile.caste,basicprofile.age,phyattr.heightFt,phyattr.heightInch, contactinfo.district,contactinfo.city from tbl_basic_profile basicprofile,tbl_profile_photo photo,tbl_physical_attr phyattr,tbl_contact_info contactinfo where basicprofile.profile_id=photo.profile_id and basicprofile.profile_id=phyattr.profile_id and basicprofile.profile_id=contactinfo.profile_id and basicprofile.profile_id='1019' and basicprofile.status='Y'",167,/home/dkkkpmba/public_html/vivahyog.in/searchdata.php
"2018-06-06 11:06:52",INFO,--,"Partner Num Rows:1",302,/home/dkkkpmba/public_html/vivahyog.in/myhome.php
"2018-06-06 11:06:52",INFO,--,"Inside logic11112730",328,/home/dkkkpmba/public_html/vivahyog.in/myhome.php
"2018-06-06 11:06:52",INFO,--,"Profile Matching Query:::",362,/home/dkkkpmba/public_html/vivahyog.in/myhome.php
"2018-06-06 11:06:52",INFO,--,"SELECT distinct photo.imagename, basicprofile.profile_id, basicprofile.last_name, basicprofile.age, phyattr.heightFt, phyattr.heightInch, contactinfo.district, contactinfo.city FROM tbl_basic_profile basicprofile, tbl_profile_photo photo, tbl_physical_attr phyattr, tbl_contact_info contactinfo,tbl_partner_preference pref WHERE basicprofile.profile_id = photo.profile_id AND basicprofile.profile_id = phyattr.profile_id AND basicprofile.profile_id = contactinfo.profile_id AND basicprofile.gender ='Male' and basicprofile.status='Y' AND basicprofile.marital_status='Unmarried' AND basicprofile.caste='Brahmin Yajurvedi' AND( basicprofile.age BETWEEN 27-2 AND 27 OR basicprofile.age BETWEEN 27-1 AND 27 OR basicprofile.age BETWEEN 27 AND 30 OR basicprofile.age BETWEEN 27 AND 30+1 OR basicprofile.age BETWEEN 30 AND 30+2)",363,/home/dkkkpmba/public_html/vivahyog.in/myhome.php
"2018-06-06 11:08:06",INFO,--,"Partner Num Rows:1",302,/home/dkkkpmba/public_html/vivahyog.in/myhome.php
"2018-06-06 11:08:06",INFO,--,"Inside logic11112730",328,/home/dkkkpmba/public_html/vivahyog.in/myhome.php
"2018-06-06 11:08:06",INFO,--,"Profile Matching Query:::",362,/home/dkkkpmba/public_html/vivahyog.in/myhome.php
"2018-06-06 11:08:06",INFO,--,"SELECT distinct photo.imagename, basicprofile.profile_id, basicprofile.last_name, basicprofile.age, phyattr.heightFt, phyattr.heightInch, contactinfo.district, contactinfo.city FROM tbl_basic_profile basicprofile, tbl_profile_photo photo, tbl_physical_attr phyattr, tbl_contact_info contactinfo,tbl_partner_preference pref WHERE basicprofile.profile_id = photo.profile_id AND basicprofile.profile_id = phyattr.profile_id AND basicprofile.profile_id = contactinfo.profile_id AND basicprofile.gender ='Male' and basicprofile.status='Y' AND basicprofile.marital_status='Unmarried' AND basicprofile.caste='Brahmin Yajurvedi' AND( basicprofile.age BETWEEN 27-2 AND 27 OR basicprofile.age BETWEEN 27-1 AND 27 OR basicprofile.age BETWEEN 27 AND 30 OR basicprofile.age BETWEEN 27 AND 30+1 OR basicprofile.age BETWEEN 30 AND 30+2)",363,/home/dkkkpmba/public_html/vivahyog.in/myhome.php
"2018-06-08 11:38:31",INFO,--,"Partner Num Rows:1",302,/home/dkkkpmba/public_html/vivahyog.in/myhome.php
"2018-06-08 11:38:31",INFO,--,"Inside logic11112730",328,/home/dkkkpmba/public_html/vivahyog.in/myhome.php
"2018-06-08 11:38:31",INFO,--,"Profile Matching Query:::",362,/home/dkkkpmba/public_html/vivahyog.in/myhome.php
"2018-06-08 11:38:31",INFO,--,"SELECT distinct photo.imagename, basicprofile.profile_id, basicprofile.last_name, basicprofile.age, phyattr.heightFt, phyattr.heightInch, contactinfo.district, contactinfo.city FROM tbl_basic_profile basicprofile, tbl_profile_photo photo, tbl_physical_attr phyattr, tbl_contact_info contactinfo,tbl_partner_preference pref WHERE basicprofile.profile_id = photo.profile_id AND basicprofile.profile_id = phyattr.profile_id AND basicprofile.profile_id = contactinfo.profile_id AND basicprofile.gender ='Male' and basicprofile.status='Y' AND basicprofile.marital_status='Unmarried' AND basicprofile.caste='Brahmin Yajurvedi' AND( basicprofile.age BETWEEN 27-2 AND 27 OR basicprofile.age BETWEEN 27-1 AND 27 OR basicprofile.age BETWEEN 27 AND 30 OR basicprofile.age BETWEEN 27 AND 30+1 OR basicprofile.age BETWEEN 30 AND 30+2)",363,/home/dkkkpmba/public_html/vivahyog.in/myhome.php
"2018-06-08 11:52:21",INFO,--,"Partner Contact Details:9975497472 and 9975497472",232,/home/dkkkpmba/public_html/vivahyog.in/showpartnerdetails.php
"2018-06-08 10:22:55",INFO,--,"Photo Fetching Query::",62,/home/dkkkpmba/public_html/vivahyog.in/chgpic.php
"2018-06-08 10:22:55",INFO,--,"SELECT imagename FROM tbl_profile_photo where profile_id='1019'",63,/home/dkkkpmba/public_html/vivahyog.in/chgpic.php
"2018-06-08 10:22:55",INFO,--,"album status::Private",2564,/home/dkkkpmba/public_html/vivahyog.in/myprofile.php
"2018-06-08 12:02:36",INFO,--,"Partner Num Rows:1",302,/home/dkkkpmba/public_html/vivahyog.in/myhome.php
"2018-06-08 12:02:36",INFO,--,"Inside logic11112730",328,/home/dkkkpmba/public_html/vivahyog.in/myhome.php
"2018-06-08 12:02:36",INFO,--,"Profile Matching Query:::",362,/home/dkkkpmba/public_html/vivahyog.in/myhome.php
"2018-06-08 12:02:36",INFO,--,"SELECT distinct photo.imagename, basicprofile.profile_id, basicprofile.last_name, basicprofile.age, phyattr.heightFt, phyattr.heightInch, contactinfo.district, contactinfo.city FROM tbl_basic_profile basicprofile, tbl_profile_photo photo, tbl_physical_attr phyattr, tbl_contact_info contactinfo,tbl_partner_preference pref WHERE basicprofile.profile_id = photo.profile_id AND basicprofile.profile_id = phyattr.profile_id AND basicprofile.profile_id = contactinfo.profile_id AND basicprofile.gender ='Male' and basicprofile.status='Y' AND basicprofile.marital_status='Unmarried' AND basicprofile.caste='Brahmin Yajurvedi' AND( basicprofile.age BETWEEN 27-2 AND 27 OR basicprofile.age BETWEEN 27-1 AND 27 OR basicprofile.age BETWEEN 27 AND 30 OR basicprofile.age BETWEEN 27 AND 30+1 OR basicprofile.age BETWEEN 30 AND 30+2)",363,/home/dkkkpmba/public_html/vivahyog.in/myhome.php
"2018-06-08 10:33:31",INFO,--,"Photo Fetching Query::",62,/home/dkkkpmba/public_html/vivahyog.in/chgpic.php
"2018-06-08 10:33:31",INFO,--,"SELECT imagename FROM tbl_profile_photo where profile_id='1019'",63,/home/dkkkpmba/public_html/vivahyog.in/chgpic.php
"2018-06-08 10:33:31",INFO,--,"album status::Private",2564,/home/dkkkpmba/public_html/vivahyog.in/myprofile.php
"2018-06-08 12:03:34",INFO,--,"Partner Num Rows:1",302,/home/dkkkpmba/public_html/vivahyog.in/myhome.php
"2018-06-08 12:03:34",INFO,--,"Inside logic11112730",328,/home/dkkkpmba/public_html/vivahyog.in/myhome.php
"2018-06-08 12:03:34",INFO,--,"Profile Matching Query:::",362,/home/dkkkpmba/public_html/vivahyog.in/myhome.php
"2018-06-08 12:03:34",INFO,--,"SELECT distinct photo.imagename, basicprofile.profile_id, basicprofile.last_name, basicprofile.age, phyattr.heightFt, phyattr.heightInch, contactinfo.district, contactinfo.city FROM tbl_basic_profile basicprofile, tbl_profile_photo photo, tbl_physical_attr phyattr, tbl_contact_info contactinfo,tbl_partner_preference pref WHERE basicprofile.profile_id = photo.profile_id AND basicprofile.profile_id = phyattr.profile_id AND basicprofile.profile_id = contactinfo.profile_id AND basicprofile.gender ='Male' and basicprofile.status='Y' AND basicprofile.marital_status='Unmarried' AND basicprofile.caste='Brahmin Yajurvedi' AND( basicprofile.age BETWEEN 27-2 AND 27 OR basicprofile.age BETWEEN 27-1 AND 27 OR basicprofile.age BETWEEN 27 AND 30 OR basicprofile.age BETWEEN 27 AND 30+1 OR basicprofile.age BETWEEN 30 AND 30+2)",363,/home/dkkkpmba/public_html/vivahyog.in/myhome.php
"2018-06-08 12:03:39",INFO,--,"Partner Contact Details:9975497472 and 9975497472",245,/home/dkkkpmba/public_html/vivahyog.in/showpartnerdetails.php
"2018-06-08 12:05:14",INFO,--,"Partner Num Rows:1",302,/home/dkkkpmba/public_html/vivahyog.in/myhome.php
"2018-06-08 12:05:14",INFO,--,"Inside logic11112730",328,/home/dkkkpmba/public_html/vivahyog.in/myhome.php
"2018-06-08 12:05:14",INFO,--,"Profile Matching Query:::",362,/home/dkkkpmba/public_html/vivahyog.in/myhome.php
"2018-06-08 12:05:14",INFO,--,"SELECT distinct photo.imagename, basicprofile.profile_id, basicprofile.last_name, basicprofile.age, phyattr.heightFt, phyattr.heightInch, contactinfo.district, contactinfo.city FROM tbl_basic_profile basicprofile, tbl_profile_photo photo, tbl_physical_attr phyattr, tbl_contact_info contactinfo,tbl_partner_preference pref WHERE basicprofile.profile_id = photo.profile_id AND basicprofile.profile_id = phyattr.profile_id AND basicprofile.profile_id = contactinfo.profile_id AND basicprofile.gender ='Male' and basicprofile.status='Y' AND basicprofile.marital_status='Unmarried' AND basicprofile.caste='Brahmin Yajurvedi' AND( basicprofile.age BETWEEN 27-2 AND 27 OR basicprofile.age BETWEEN 27-1 AND 27 OR basicprofile.age BETWEEN 27 AND 30 OR basicprofile.age BETWEEN 27 AND 30+1 OR basicprofile.age BETWEEN 30 AND 30+2)",363,/home/dkkkpmba/public_html/vivahyog.in/myhome.php
"2018-06-09 22:17:12",INFO,--,"Partner Num Rows:1",302,/home/dkkkpmba/public_html/vivahyog.in/myhome.php
"2018-06-09 22:17:12",INFO,--,"Inside logic11112030",328,/home/dkkkpmba/public_html/vivahyog.in/myhome.php
"2018-06-09 22:17:12",INFO,--,"Profile Matching Query:::",362,/home/dkkkpmba/public_html/vivahyog.in/myhome.php
"2018-06-09 22:17:12",INFO,--,"SELECT distinct photo.imagename, basicprofile.profile_id, basicprofile.last_name, basicprofile.age, phyattr.heightFt, phyattr.heightInch, contactinfo.district, contactinfo.city FROM tbl_basic_profile basicprofile, tbl_profile_photo photo, tbl_physical_attr phyattr, tbl_contact_info contactinfo,tbl_partner_preference pref WHERE basicprofile.profile_id = photo.profile_id AND basicprofile.profile_id = phyattr.profile_id AND basicprofile.profile_id = contactinfo.profile_id AND basicprofile.gender ='Female' and basicprofile.status='Y' AND basicprofile.marital_status='Unmarried' AND basicprofile.caste='Maratha' AND( basicprofile.age BETWEEN 20-2 AND 20 OR basicprofile.age BETWEEN 20-1 AND 20 OR basicprofile.age BETWEEN 20 AND 30 OR basicprofile.age BETWEEN 20 AND 30+1 OR basicprofile.age BETWEEN 30 AND 30+2)",363,/home/dkkkpmba/public_html/vivahyog.in/myhome.php
"2018-06-09 22:17:51",INFO,--,"Partner Num Rows:1",302,/home/dkkkpmba/public_html/vivahyog.in/myhome.php
"2018-06-09 22:17:51",INFO,--,"Inside logic11112030",328,/home/dkkkpmba/public_html/vivahyog.in/myhome.php
"2018-06-09 22:17:51",INFO,--,"Profile Matching Query:::",362,/home/dkkkpmba/public_html/vivahyog.in/myhome.php
"2018-06-09 22:17:51",INFO,--,"SELECT distinct photo.imagename, basicprofile.profile_id, basicprofile.last_name, basicprofile.age, phyattr.heightFt, phyattr.heightInch, contactinfo.district, contactinfo.city FROM tbl_basic_profile basicprofile, tbl_profile_photo photo, tbl_physical_attr phyattr, tbl_contact_info contactinfo,tbl_partner_preference pref WHERE basicprofile.profile_id = photo.profile_id AND basicprofile.profile_id = phyattr.profile_id AND basicprofile.profile_id = contactinfo.profile_id AND basicprofile.gender ='Female' and basicprofile.status='Y' AND basicprofile.marital_status='Unmarried' AND basicprofile.caste='Maratha' AND( basicprofile.age BETWEEN 20-2 AND 20 OR basicprofile.age BETWEEN 20-1 AND 20 OR basicprofile.age BETWEEN 20 AND 30 OR basicprofile.age BETWEEN 20 AND 30+1 OR basicprofile.age BETWEEN 30 AND 30+2)",363,/home/dkkkpmba/public_html/vivahyog.in/myhome.php
"2018-06-09 22:19:02",INFO,--,"Partner Num Rows:1",302,/home/dkkkpmba/public_html/vivahyog.in/myhome.php
"2018-06-09 22:19:02",INFO,--,"Inside logic11112030",328,/home/dkkkpmba/public_html/vivahyog.in/myhome.php
"2018-06-09 22:19:02",INFO,--,"Profile Matching Query:::",362,/home/dkkkpmba/public_html/vivahyog.in/myhome.php
"2018-06-09 22:19:02",INFO,--,"SELECT distinct photo.imagename, basicprofile.profile_id, basicprofile.last_name, basicprofile.age, phyattr.heightFt, phyattr.heightInch, contactinfo.district, contactinfo.city FROM tbl_basic_profile basicprofile, tbl_profile_photo photo, tbl_physical_attr phyattr, tbl_contact_info contactinfo,tbl_partner_preference pref WHERE basicprofile.profile_id = photo.profile_id AND basicprofile.profile_id = phyattr.profile_id AND basicprofile.profile_id = contactinfo.profile_id AND basicprofile.gender ='Female' and basicprofile.status='Y' AND basicprofile.marital_status='Unmarried' AND basicprofile.caste='Maratha' AND( basicprofile.age BETWEEN 20-2 AND 20 OR basicprofile.age BETWEEN 20-1 AND 20 OR basicprofile.age BETWEEN 20 AND 30 OR basicprofile.age BETWEEN 20 AND 30+1 OR basicprofile.age BETWEEN 30 AND 30+2)",363,/home/dkkkpmba/public_html/vivahyog.in/myhome.php
"2018-06-12 12:10:38",INFO,--,"Partner Num Rows:1",302,/home/dkkkpmba/public_html/vivahyog.in/myhome.php
"2018-06-12 12:10:38",INFO,--,"Inside logic11112730",328,/home/dkkkpmba/public_html/vivahyog.in/myhome.php
"2018-06-12 12:10:38",INFO,--,"Profile Matching Query:::",362,/home/dkkkpmba/public_html/vivahyog.in/myhome.php
"2018-06-12 12:10:38",INFO,--,"SELECT distinct photo.imagename, basicprofile.profile_id, basicprofile.last_name, basicprofile.age, phyattr.heightFt, phyattr.heightInch, contactinfo.district, contactinfo.city FROM tbl_basic_profile basicprofile, tbl_profile_photo photo, tbl_physical_attr phyattr, tbl_contact_info contactinfo,tbl_partner_preference pref WHERE basicprofile.profile_id = photo.profile_id AND basicprofile.profile_id = phyattr.profile_id AND basicprofile.profile_id = contactinfo.profile_id AND basicprofile.gender ='Male' and basicprofile.status='Y' AND basicprofile.marital_status='Unmarried' AND basicprofile.caste='Brahmin Yajurvedi' AND( basicprofile.age BETWEEN 27-2 AND 27 OR basicprofile.age BETWEEN 27-1 AND 27 OR basicprofile.age BETWEEN 27 AND 30 OR basicprofile.age BETWEEN 27 AND 30+1 OR basicprofile.age BETWEEN 30 AND 30+2)",363,/home/dkkkpmba/public_html/vivahyog.in/myhome.php
"2018-06-12 12:10:50",INFO,--,"Partner Num Rows:1",302,/home/dkkkpmba/public_html/vivahyog.in/myhome.php
"2018-06-12 12:10:50",INFO,--,"Inside logic11112730",328,/home/dkkkpmba/public_html/vivahyog.in/myhome.php
"2018-06-12 12:10:50",INFO,--,"Profile Matching Query:::",362,/home/dkkkpmba/public_html/vivahyog.in/myhome.php
"2018-06-12 12:10:50",INFO,--,"SELECT distinct photo.imagename, basicprofile.profile_id, basicprofile.last_name, basicprofile.age, phyattr.heightFt, phyattr.heightInch, contactinfo.district, contactinfo.city FROM tbl_basic_profile basicprofile, tbl_profile_photo photo, tbl_physical_attr phyattr, tbl_contact_info contactinfo,tbl_partner_preference pref WHERE basicprofile.profile_id = photo.profile_id AND basicprofile.profile_id = phyattr.profile_id AND basicprofile.profile_id = contactinfo.profile_id AND basicprofile.gender ='Male' and basicprofile.status='Y' AND basicprofile.marital_status='Unmarried' AND basicprofile.caste='Brahmin Yajurvedi' AND( basicprofile.age BETWEEN 27-2 AND 27 OR basicprofile.age BETWEEN 27-1 AND 27 OR basicprofile.age BETWEEN 27 AND 30 OR basicprofile.age BETWEEN 27 AND 30+1 OR basicprofile.age BETWEEN 30 AND 30+2)",363,/home/dkkkpmba/public_html/vivahyog.in/myhome.php
"2018-06-23 11:08:46",INFO,--,"Search Query:::",166,/home/dkkkpmba/public_html/vivahyog.in/searchdata.php
"2018-06-23 11:08:46",INFO,--,"select photo.imagename,basicprofile.profile_id,basicprofile.last_name,basicprofile.caste,basicprofile.age,phyattr.heightFt,phyattr.heightInch, contactinfo.district,contactinfo.city from tbl_basic_profile basicprofile,tbl_profile_photo photo,tbl_physical_attr phyattr,tbl_contact_info contactinfo,tbl_profile profile where basicprofile.profile_id=photo.profile_id and basicprofile.profile_id=phyattr.profile_id and basicprofile.profile_id=contactinfo.profile_id and basicprofile.profile_id=profile.profile_id and contactinfo.district='Ahmednagar' and basicprofile.gender='Female' and basicprofile.caste='Agri' and basicprofile.status='Y'",167,/home/dkkkpmba/public_html/vivahyog.in/searchdata.php
"2018-06-23 11:09:07",INFO,--,"Search Query:::",166,/home/dkkkpmba/public_html/vivahyog.in/searchdata.php
"2018-06-23 11:09:07",INFO,--,"select photo.imagename,basicprofile.profile_id,basicprofile.last_name,basicprofile.caste,basicprofile.age,phyattr.heightFt,phyattr.heightInch, contactinfo.district,contactinfo.city from tbl_basic_profile basicprofile,tbl_profile_photo photo,tbl_physical_attr phyattr,tbl_contact_info contactinfo,tbl_profile profile where basicprofile.profile_id=photo.profile_id and basicprofile.profile_id=phyattr.profile_id and basicprofile.profile_id=contactinfo.profile_id and basicprofile.profile_id=profile.profile_id and contactinfo.district='Ahmednagar' and basicprofile.gender='Female' and basicprofile.caste='Agri' and basicprofile.status='Y'",167,/home/dkkkpmba/public_html/vivahyog.in/searchdata.php
"2019-01-01 16:52:45",INFO,--,"Search Query:::",131,"C:\wamp64\www\maratha\searchdata.php"
"2019-01-01 16:52:45",INFO,--,"select photo.imagename,basicprofile.profile_id,basicprofile.last_name,basicprofile.caste,basicprofile.age,phyattr.heightFt,phyattr.heightInch, contactinfo.district,contactinfo.city from tbl_basic_profile basicprofile,tbl_profile_photo photo,tbl_physical_attr phyattr,tbl_contact_info contactinfo where basicprofile.profile_id=photo.profile_id and basicprofile.profile_id=phyattr.profile_id and basicprofile.profile_id=contactinfo.profile_id and basicprofile.profile_id='1029' and basicprofile.status='Y'",132,"C:\wamp64\www\maratha\searchdata.php"
